
*** Running vivado
    with args -log Camera_Demo.vdi -applog -m64 -product Vivado -messageDb vivado.pb -mode batch -source Camera_Demo.tcl -notrace


****** Vivado v2018.3 (64-bit)
  **** SW Build 2405991 on Thu Dec  6 23:38:27 MST 2018
  **** IP Build 2404404 on Fri Dec  7 01:43:56 MST 2018
    ** Copyright 1986-2018 Xilinx, Inc. All Rights Reserved.

source Camera_Demo.tcl -notrace
INFO: [IP_Flow 19-234] Refreshing IP repositories
INFO: [IP_Flow 19-1700] Loaded user IP repository 'e:/VivadoProject/NEW_Camera_Demo/Camera_Demo/IP_Core'.
INFO: [IP_Flow 19-2313] Loaded Vivado IP repository 'D:/Vivado/xilinx/Vivado/2018.3/data/ip'.
Command: link_design -top Camera_Demo -part xc7s15ftgb196-1
Design is defaulting to srcset: sources_1
Design is defaulting to constrset: constrs_1
INFO: [Project 1-454] Reading design checkpoint 'e:/VivadoProject/NEW_Camera_Demo/Camera_Demo/Camera_Demo.srcs/sources_1/ip/rgb2dvi_0/rgb2dvi_0.dcp' for cell 'Mini_HDMI_Driver'
INFO: [Project 1-454] Reading design checkpoint 'e:/VivadoProject/NEW_Camera_Demo/Camera_Demo/Camera_Demo.srcs/sources_1/ip/clk_wiz_0/clk_wiz_0.dcp' for cell 'clk_10'
INFO: [Project 1-454] Reading design checkpoint 'e:/VivadoProject/NEW_Camera_Demo/Camera_Demo/Camera_Demo.srcs/sources_1/ip/csi2_d_phy_rx_0/csi2_d_phy_rx_0.dcp' for cell 'MIPI_Trans_Driver/Data_Read'
INFO: [Project 1-454] Reading design checkpoint 'e:/VivadoProject/NEW_Camera_Demo/Camera_Demo/Camera_Demo.srcs/sources_1/ip/csi_to_axis_0/csi_to_axis_0.dcp' for cell 'MIPI_Trans_Driver/Data_To_Csi'
INFO: [Project 1-454] Reading design checkpoint 'e:/VivadoProject/NEW_Camera_Demo/Camera_Demo/Camera_Demo.srcs/sources_1/ip/clk_wiz_1/clk_wiz_1.dcp' for cell 'MIPI_Trans_Driver/camera_clock'
INFO: [Project 1-454] Reading design checkpoint 'e:/VivadoProject/NEW_Camera_Demo/Camera_Demo/Camera_Demo.srcs/sources_1/ip/RAM_Line/RAM_Line.dcp' for cell 'MIPI_Trans_Driver/Driver_Bayer_To_RGB0/RAM_Line_Buff0'
INFO: [Project 1-454] Reading design checkpoint 'e:/VivadoProject/NEW_Camera_Demo/Camera_Demo/Camera_Demo.srcs/sources_1/ip/AXIS_Data_RAM/AXIS_Data_RAM.dcp' for cell 'MIPI_Trans_Driver/Driver_Csi_To_Dvp0/RAM_AXIS'
INFO: [Project 1-454] Reading design checkpoint 'e:/VivadoProject/NEW_Camera_Demo/Camera_Demo/Camera_Demo.srcs/sources_1/ip/mem_0/mem_0.dcp' for cell 'process_0/mem_0'
INFO: [Netlist 29-17] Analyzing 94 Unisim elements for replacement
INFO: [Netlist 29-28] Unisim Transformation completed in 0 CPU seconds
INFO: [Project 1-479] Netlist was created with Vivado 2018.3
INFO: [Device 21-403] Loading part xc7s15ftgb196-1
INFO: [Project 1-570] Preparing netlist for logic optimization
WARNING: [Opt 31-32] Removing redundant IBUF since it is not being driven by a top-level port. MIPI_Trans_Driver/camera_clock/inst/clkin1_ibufg 
Resolution: The tool has removed redundant IBUF. To resolve this warning, check for redundant IBUF in the input design.
WARNING: [Constraints 18-550] Could not create 'IBUF_LOW_PWR' constraint because net 'MIPI_Trans_Driver/camera_clock/clk_in1' is not directly connected to top level port. Synthesis is ignored for IBUF_LOW_PWR but preserved for implementation.
Parsing XDC File [e:/VivadoProject/NEW_Camera_Demo/Camera_Demo/Camera_Demo.srcs/sources_1/ip/csi_to_axis_0/hdl/csi_to_axis.xdc] for cell 'MIPI_Trans_Driver/Data_To_Csi/U0'
Finished Parsing XDC File [e:/VivadoProject/NEW_Camera_Demo/Camera_Demo/Camera_Demo.srcs/sources_1/ip/csi_to_axis_0/hdl/csi_to_axis.xdc] for cell 'MIPI_Trans_Driver/Data_To_Csi/U0'
Parsing XDC File [e:/VivadoProject/NEW_Camera_Demo/Camera_Demo/Camera_Demo.srcs/sources_1/ip/csi2_d_phy_rx_0/hdl/csi2_d_phy_rx.xdc] for cell 'MIPI_Trans_Driver/Data_Read/U0'
Finished Parsing XDC File [e:/VivadoProject/NEW_Camera_Demo/Camera_Demo/Camera_Demo.srcs/sources_1/ip/csi2_d_phy_rx_0/hdl/csi2_d_phy_rx.xdc] for cell 'MIPI_Trans_Driver/Data_Read/U0'
Parsing XDC File [e:/VivadoProject/NEW_Camera_Demo/Camera_Demo/Camera_Demo.srcs/sources_1/ip/rgb2dvi_0/src/rgb2dvi.xdc] for cell 'Mini_HDMI_Driver/U0'
Finished Parsing XDC File [e:/VivadoProject/NEW_Camera_Demo/Camera_Demo/Camera_Demo.srcs/sources_1/ip/rgb2dvi_0/src/rgb2dvi.xdc] for cell 'Mini_HDMI_Driver/U0'
Parsing XDC File [e:/VivadoProject/NEW_Camera_Demo/Camera_Demo/Camera_Demo.srcs/sources_1/ip/clk_wiz_0/clk_wiz_0_board.xdc] for cell 'clk_10/inst'
Finished Parsing XDC File [e:/VivadoProject/NEW_Camera_Demo/Camera_Demo/Camera_Demo.srcs/sources_1/ip/clk_wiz_0/clk_wiz_0_board.xdc] for cell 'clk_10/inst'
Parsing XDC File [e:/VivadoProject/NEW_Camera_Demo/Camera_Demo/Camera_Demo.srcs/sources_1/ip/clk_wiz_0/clk_wiz_0.xdc] for cell 'clk_10/inst'
INFO: [Timing 38-35] Done setting XDC timing constraints. [e:/VivadoProject/NEW_Camera_Demo/Camera_Demo/Camera_Demo.srcs/sources_1/ip/clk_wiz_0/clk_wiz_0.xdc:57]
INFO: [Timing 38-2] Deriving generated clocks [e:/VivadoProject/NEW_Camera_Demo/Camera_Demo/Camera_Demo.srcs/sources_1/ip/clk_wiz_0/clk_wiz_0.xdc:57]
get_clocks: Time (s): cpu = 00:00:12 ; elapsed = 00:00:13 . Memory (MB): peak = 1051.426 ; gain = 460.234
Finished Parsing XDC File [e:/VivadoProject/NEW_Camera_Demo/Camera_Demo/Camera_Demo.srcs/sources_1/ip/clk_wiz_0/clk_wiz_0.xdc] for cell 'clk_10/inst'
Parsing XDC File [e:/VivadoProject/NEW_Camera_Demo/Camera_Demo/Camera_Demo.srcs/sources_1/ip/clk_wiz_1/clk_wiz_1_board.xdc] for cell 'MIPI_Trans_Driver/camera_clock/inst'
Finished Parsing XDC File [e:/VivadoProject/NEW_Camera_Demo/Camera_Demo/Camera_Demo.srcs/sources_1/ip/clk_wiz_1/clk_wiz_1_board.xdc] for cell 'MIPI_Trans_Driver/camera_clock/inst'
Parsing XDC File [e:/VivadoProject/NEW_Camera_Demo/Camera_Demo/Camera_Demo.srcs/sources_1/ip/clk_wiz_1/clk_wiz_1.xdc] for cell 'MIPI_Trans_Driver/camera_clock/inst'
INFO: [Timing 38-2] Deriving generated clocks [e:/VivadoProject/NEW_Camera_Demo/Camera_Demo/Camera_Demo.srcs/sources_1/ip/clk_wiz_1/clk_wiz_1.xdc:57]
Finished Parsing XDC File [e:/VivadoProject/NEW_Camera_Demo/Camera_Demo/Camera_Demo.srcs/sources_1/ip/clk_wiz_1/clk_wiz_1.xdc] for cell 'MIPI_Trans_Driver/camera_clock/inst'
Parsing XDC File [E:/VivadoProject/NEW_Camera_Demo/Camera_Demo/Camera_Demo.srcs/constrs_1/new/system.xdc]
Finished Parsing XDC File [E:/VivadoProject/NEW_Camera_Demo/Camera_Demo/Camera_Demo.srcs/constrs_1/new/system.xdc]
Parsing XDC File [e:/VivadoProject/NEW_Camera_Demo/Camera_Demo/Camera_Demo.srcs/sources_1/ip/rgb2dvi_0/src/rgb2dvi_clocks.xdc] for cell 'Mini_HDMI_Driver/U0'
Finished Parsing XDC File [e:/VivadoProject/NEW_Camera_Demo/Camera_Demo/Camera_Demo.srcs/sources_1/ip/rgb2dvi_0/src/rgb2dvi_clocks.xdc] for cell 'Mini_HDMI_Driver/U0'
INFO: [Opt 31-138] Pushed 0 inverter(s) to 0 load pin(s).
Netlist sorting complete. Time (s): cpu = 00:00:00 ; elapsed = 00:00:00.002 . Memory (MB): peak = 1051.641 ; gain = 0.000
INFO: [Project 1-111] Unisim Transformation Summary:
  A total of 1 instances were transformed.
  IOBUF => IOBUF (IBUF, OBUFT): 1 instances

21 Infos, 2 Warnings, 0 Critical Warnings and 0 Errors encountered.
link_design completed successfully
link_design: Time (s): cpu = 00:00:20 ; elapsed = 00:00:22 . Memory (MB): peak = 1051.641 ; gain = 769.371
Command: opt_design
Attempting to get a license for feature 'Implementation' and/or device 'xc7s15'
INFO: [Common 17-349] Got license for feature 'Implementation' and/or device 'xc7s15'
Running DRC as a precondition to command opt_design

Starting DRC Task
INFO: [DRC 23-27] Running DRC with 2 threads
INFO: [Project 1-461] DRC finished with 0 Errors
INFO: [Project 1-462] Please refer to the DRC report (report_drc) for more information.

Time (s): cpu = 00:00:03 ; elapsed = 00:00:01 . Memory (MB): peak = 1051.641 ; gain = 0.000

Starting Cache Timing Information Task
INFO: [Timing 38-35] Done setting XDC timing constraints.
INFO: [Timing 38-2] Deriving generated clocks
Ending Cache Timing Information Task | Checksum: 1f3b415c3

Time (s): cpu = 00:00:01 ; elapsed = 00:00:00.352 . Memory (MB): peak = 1062.238 ; gain = 10.598

Starting Logic Optimization Task

Phase 1 Retarget
INFO: [Opt 31-138] Pushed 0 inverter(s) to 0 load pin(s).
INFO: [Opt 31-49] Retargeted 0 cell(s).
Phase 1 Retarget | Checksum: 100564289

Time (s): cpu = 00:00:01 ; elapsed = 00:00:00.198 . Memory (MB): peak = 1152.125 ; gain = 0.000
INFO: [Opt 31-389] Phase Retarget created 0 cells and removed 4 cells
INFO: [Opt 31-1021] In phase Retarget, 2 netlist objects are constrained preventing optimization. Please run opt_design with -debug_log to get more detail. 

Phase 2 Constant propagation
INFO: [Opt 31-138] Pushed 0 inverter(s) to 0 load pin(s).
Phase 2 Constant propagation | Checksum: 8c580c5f

Time (s): cpu = 00:00:01 ; elapsed = 00:00:00.243 . Memory (MB): peak = 1152.125 ; gain = 0.000
INFO: [Opt 31-389] Phase Constant propagation created 0 cells and removed 0 cells

Phase 3 Sweep
Phase 3 Sweep | Checksum: 80a46fd0

Time (s): cpu = 00:00:01 ; elapsed = 00:00:00.320 . Memory (MB): peak = 1152.125 ; gain = 0.000
INFO: [Opt 31-389] Phase Sweep created 0 cells and removed 4 cells

Phase 4 BUFG optimization
INFO: [Opt 31-194] Inserted BUFG Mini_HDMI_Driver/U0/ClockGenInternal.ClockGenX/PixelClk_BUFG_inst to drive 8 load(s) on clock net Mini_HDMI_Driver/U0/PixelClkIO
INFO: [Opt 31-194] Inserted BUFG Mini_HDMI_Driver/U0/ClockGenInternal.ClockGenX/SerialClk_BUFG_inst to drive 8 load(s) on clock net Mini_HDMI_Driver/U0/SerialClkIO
INFO: [Opt 31-194] Inserted BUFG clk_10/inst/clk_out1_clk_wiz_0_BUFG_inst to drive 0 load(s) on clock net clk_10/inst/clk_out1_clk_wiz_0_BUFG
INFO: [Opt 31-194] Inserted BUFG clk_10/inst/clk_out2_clk_wiz_0_BUFG_inst to drive 0 load(s) on clock net clk_10/inst/clk_out2_clk_wiz_0_BUFG
INFO: [Opt 31-194] Inserted BUFG MIPI_Trans_Driver/camera_clock/inst/clk_out1_clk_wiz_1_BUFG_inst to drive 0 load(s) on clock net MIPI_Trans_Driver/camera_clock/inst/clk_out1_clk_wiz_1_BUFG
INFO: [Opt 31-193] Inserted 5 BUFG(s) on clock nets
Phase 4 BUFG optimization | Checksum: b001e712

Time (s): cpu = 00:00:01 ; elapsed = 00:00:00.384 . Memory (MB): peak = 1152.125 ; gain = 0.000
INFO: [Opt 31-662] Phase BUFG optimization created 2 cells of which 2 are BUFGs and removed 0 cells.

Phase 5 Shift Register Optimization
Phase 5 Shift Register Optimization | Checksum: 18331128e

Time (s): cpu = 00:00:01 ; elapsed = 00:00:00.684 . Memory (MB): peak = 1152.125 ; gain = 0.000
INFO: [Opt 31-389] Phase Shift Register Optimization created 0 cells and removed 0 cells

Phase 6 Post Processing Netlist
Phase 6 Post Processing Netlist | Checksum: 1dd6ed049

Time (s): cpu = 00:00:01 ; elapsed = 00:00:00.712 . Memory (MB): peak = 1152.125 ; gain = 0.000
INFO: [Opt 31-389] Phase Post Processing Netlist created 0 cells and removed 0 cells
Opt_design Change Summary
=========================


-------------------------------------------------------------------------------------------------------------------------
|  Phase                        |  #Cells created  |  #Cells Removed  |  #Constrained objects preventing optimizations  |
-------------------------------------------------------------------------------------------------------------------------
|  Retarget                     |               0  |               4  |                                              2  |
|  Constant propagation         |               0  |               0  |                                              0  |
|  Sweep                        |               0  |               4  |                                              0  |
|  BUFG optimization            |               2  |               0  |                                              0  |
|  Shift Register Optimization  |               0  |               0  |                                              0  |
|  Post Processing Netlist      |               0  |               0  |                                              0  |
-------------------------------------------------------------------------------------------------------------------------



Starting Connectivity Check Task

Time (s): cpu = 00:00:00 ; elapsed = 00:00:00.008 . Memory (MB): peak = 1152.125 ; gain = 0.000
Ending Logic Optimization Task | Checksum: 1730b1672

Time (s): cpu = 00:00:01 ; elapsed = 00:00:00.729 . Memory (MB): peak = 1152.125 ; gain = 0.000

Starting Power Optimization Task
INFO: [Pwropt 34-132] Skipping clock gating for clocks with a period < 2.00 ns.
INFO: [Timing 38-35] Done setting XDC timing constraints.
INFO: [Pwropt 34-9] Applying IDT optimizations ...
INFO: [Pwropt 34-10] Applying ODC optimizations ...
INFO: [Physopt 32-619] Estimated Timing Summary | WNS=-0.310 | TNS=-0.310 |
Running Vector-less Activity Propagation...

Finished Running Vector-less Activity Propagation


Starting PowerOpt Patch Enables Task
INFO: [Pwropt 34-162] WRITE_MODE attribute of 4 BRAM(s) out of a total of 5 has been updated to save power. Run report_power_opt to get a complete listing of the BRAMs updated.
INFO: [Pwropt 34-201] Structural ODC has moved 0 WE to EN ports
Number of BRAM Ports augmented: 4 newly gated: 7 Total Ports: 10
Number of Flops added for Enable Generation: 1

Ending PowerOpt Patch Enables Task | Checksum: 103bf13b2

Time (s): cpu = 00:00:00 ; elapsed = 00:00:00.095 . Memory (MB): peak = 1325.684 ; gain = 0.000
Ending Power Optimization Task | Checksum: 103bf13b2

Time (s): cpu = 00:00:04 ; elapsed = 00:00:03 . Memory (MB): peak = 1325.684 ; gain = 173.559

Starting Final Cleanup Task

Starting Logic Optimization Task
INFO: [Timing 38-35] Done setting XDC timing constraints.
INFO: [Opt 31-194] Inserted BUFG MIPI_Trans_Driver/camera_clock/inst/clk_out1_clk_wiz_1_BUFG_inst to drive 0 load(s) on clock net MIPI_Trans_Driver/camera_clock/inst/clk_out1_clk_wiz_1_BUFG
INFO: [Opt 31-194] Inserted BUFG clk_10/inst/clk_out2_clk_wiz_0_BUFG_inst to drive 0 load(s) on clock net clk_10/inst/clk_out2_clk_wiz_0_BUFG
INFO: [Opt 31-194] Inserted BUFG clk_10/inst/clk_out1_clk_wiz_0_BUFG_inst to drive 0 load(s) on clock net clk_10/inst/clk_out1_clk_wiz_0_BUFG
INFO: [Opt 31-193] Inserted 3 BUFG(s) on clock nets
Ending Logic Optimization Task | Checksum: 105d42e15

Time (s): cpu = 00:00:01 ; elapsed = 00:00:00.636 . Memory (MB): peak = 1325.684 ; gain = 0.000
Ending Final Cleanup Task | Checksum: 105d42e15

Time (s): cpu = 00:00:02 ; elapsed = 00:00:02 . Memory (MB): peak = 1325.684 ; gain = 0.000

Starting Netlist Obfuscation Task
Netlist sorting complete. Time (s): cpu = 00:00:00 ; elapsed = 00:00:00.002 . Memory (MB): peak = 1325.684 ; gain = 0.000
Ending Netlist Obfuscation Task | Checksum: 105d42e15

Time (s): cpu = 00:00:00 ; elapsed = 00:00:00.003 . Memory (MB): peak = 1325.684 ; gain = 0.000
INFO: [Common 17-83] Releasing license: Implementation
56 Infos, 2 Warnings, 0 Critical Warnings and 0 Errors encountered.
opt_design completed successfully
opt_design: Time (s): cpu = 00:00:12 ; elapsed = 00:00:10 . Memory (MB): peak = 1325.684 ; gain = 274.043
Netlist sorting complete. Time (s): cpu = 00:00:00 ; elapsed = 00:00:00.003 . Memory (MB): peak = 1325.684 ; gain = 0.000
INFO: [Timing 38-480] Writing timing data to binary archive.
Writing placer database...
Writing XDEF routing.
Writing XDEF routing logical nets.
Writing XDEF routing special nets.
Write XDEF Complete: Time (s): cpu = 00:00:00 ; elapsed = 00:00:00.077 . Memory (MB): peak = 1325.684 ; gain = 0.000
Netlist sorting complete. Time (s): cpu = 00:00:00 ; elapsed = 00:00:00.002 . Memory (MB): peak = 1325.684 ; gain = 0.000
INFO: [Common 17-1381] The checkpoint 'E:/VivadoProject/NEW_Camera_Demo/Camera_Demo/Camera_Demo.runs/impl_1/Camera_Demo_opt.dcp' has been generated.
INFO: [runtcl-4] Executing : report_drc -file Camera_Demo_drc_opted.rpt -pb Camera_Demo_drc_opted.pb -rpx Camera_Demo_drc_opted.rpx
Command: report_drc -file Camera_Demo_drc_opted.rpt -pb Camera_Demo_drc_opted.pb -rpx Camera_Demo_drc_opted.rpx
INFO: [IP_Flow 19-1839] IP Catalog is up to date.
INFO: [DRC 23-27] Running DRC with 2 threads
INFO: [Coretcl 2-168] The results of DRC are in file E:/VivadoProject/NEW_Camera_Demo/Camera_Demo/Camera_Demo.runs/impl_1/Camera_Demo_drc_opted.rpt.
report_drc completed successfully
Command: place_design
Attempting to get a license for feature 'Implementation' and/or device 'xc7s15'
INFO: [Common 17-349] Got license for feature 'Implementation' and/or device 'xc7s15'
INFO: [DRC 23-27] Running DRC with 2 threads
INFO: [Vivado_Tcl 4-198] DRC finished with 0 Errors
INFO: [Vivado_Tcl 4-199] Please refer to the DRC report (report_drc) for more information.
Running DRC as a precondition to command place_design
INFO: [DRC 23-27] Running DRC with 2 threads
INFO: [Vivado_Tcl 4-198] DRC finished with 0 Errors
INFO: [Vivado_Tcl 4-199] Please refer to the DRC report (report_drc) for more information.

Starting Placer Task
INFO: [Place 30-611] Multithreading enabled for place_design using a maximum of 2 CPUs

Phase 1 Placer Initialization

Phase 1.1 Placer Initialization Netlist Sorting
Netlist sorting complete. Time (s): cpu = 00:00:00 ; elapsed = 00:00:00.004 . Memory (MB): peak = 1325.684 ; gain = 0.000
Phase 1.1 Placer Initialization Netlist Sorting | Checksum: 6c61b54e

Time (s): cpu = 00:00:00 ; elapsed = 00:00:00.097 . Memory (MB): peak = 1325.684 ; gain = 0.000
Netlist sorting complete. Time (s): cpu = 00:00:00 ; elapsed = 00:00:00.001 . Memory (MB): peak = 1325.684 ; gain = 0.000

Phase 1.2 IO Placement/ Clock Placement/ Build Placer Device
INFO: [Timing 38-35] Done setting XDC timing constraints.
Phase 1.2 IO Placement/ Clock Placement/ Build Placer Device | Checksum: eead4f8f

Time (s): cpu = 00:00:01 ; elapsed = 00:00:01 . Memory (MB): peak = 1325.684 ; gain = 0.000

Phase 1.3 Build Placer Netlist Model
Phase 1.3 Build Placer Netlist Model | Checksum: f8bb5a66

Time (s): cpu = 00:00:02 ; elapsed = 00:00:02 . Memory (MB): peak = 1325.684 ; gain = 0.000

Phase 1.4 Constrain Clocks/Macros
Phase 1.4 Constrain Clocks/Macros | Checksum: f8bb5a66

Time (s): cpu = 00:00:02 ; elapsed = 00:00:02 . Memory (MB): peak = 1325.684 ; gain = 0.000
Phase 1 Placer Initialization | Checksum: f8bb5a66

Time (s): cpu = 00:00:02 ; elapsed = 00:00:02 . Memory (MB): peak = 1325.684 ; gain = 0.000

Phase 2 Global Placement

Phase 2.1 Floorplanning
Phase 2.1 Floorplanning | Checksum: 14d6cfe99

Time (s): cpu = 00:00:02 ; elapsed = 00:00:03 . Memory (MB): peak = 1325.684 ; gain = 0.000

Phase 2.2 Physical Synthesis In Placer
INFO: [Physopt 32-65] No nets found for high-fanout optimization.
INFO: [Physopt 32-232] Optimized 0 net. Created 0 new instance.
INFO: [Physopt 32-775] End 1 Pass. Optimized 0 net or cell. Created 0 new cell, deleted 0 existing cell and moved 0 existing cell
INFO: [Physopt 32-456] No candidate cells for DSP register optimization found in the design.
INFO: [Physopt 32-775] End 2 Pass. Optimized 0 net or cell. Created 0 new cell, deleted 0 existing cell and moved 0 existing cell
INFO: [Physopt 32-677] No candidate cells for Shift Register optimization found in the design
INFO: [Physopt 32-775] End 1 Pass. Optimized 0 net or cell. Created 0 new cell, deleted 0 existing cell and moved 0 existing cell
INFO: [Physopt 32-526] No candidate cells for BRAM register optimization found in the design
INFO: [Physopt 32-775] End 1 Pass. Optimized 0 net or cell. Created 0 new cell, deleted 0 existing cell and moved 0 existing cell
INFO: [Physopt 32-949] No candidate nets found for HD net replication
INFO: [Physopt 32-775] End 1 Pass. Optimized 0 net or cell. Created 0 new cell, deleted 0 existing cell and moved 0 existing cell
Netlist sorting complete. Time (s): cpu = 00:00:00 ; elapsed = 00:00:00.002 . Memory (MB): peak = 1325.684 ; gain = 0.000

Summary of Physical Synthesis Optimizations
============================================


----------------------------------------------------------------------------------------------------------------------------------------
|  Optimization                  |  Added Cells  |  Removed Cells  |  Optimized Cells/Nets  |  Dont Touch  |  Iterations  |  Elapsed   |
----------------------------------------------------------------------------------------------------------------------------------------
|  Very High Fanout              |            0  |              0  |                     0  |           0  |           1  |  00:00:00  |
|  DSP Register                  |            0  |              0  |                     0  |           0  |           1  |  00:00:00  |
|  Shift Register                |            0  |              0  |                     0  |           0  |           1  |  00:00:00  |
|  BRAM Register                 |            0  |              0  |                     0  |           0  |           1  |  00:00:00  |
|  HD Interface Net Replication  |            0  |              0  |                     0  |           0  |           1  |  00:00:00  |
|  Total                         |            0  |              0  |                     0  |           0  |           5  |  00:00:00  |
----------------------------------------------------------------------------------------------------------------------------------------


Phase 2.2 Physical Synthesis In Placer | Checksum: 67f508dd

Time (s): cpu = 00:00:07 ; elapsed = 00:00:06 . Memory (MB): peak = 1325.684 ; gain = 0.000
Phase 2 Global Placement | Checksum: 189451e9d

Time (s): cpu = 00:00:07 ; elapsed = 00:00:06 . Memory (MB): peak = 1325.684 ; gain = 0.000

Phase 3 Detail Placement

Phase 3.1 Commit Multi Column Macros
Phase 3.1 Commit Multi Column Macros | Checksum: 189451e9d

Time (s): cpu = 00:00:07 ; elapsed = 00:00:06 . Memory (MB): peak = 1325.684 ; gain = 0.000

Phase 3.2 Commit Most Macros & LUTRAMs
Phase 3.2 Commit Most Macros & LUTRAMs | Checksum: 15e5dec9d

Time (s): cpu = 00:00:08 ; elapsed = 00:00:06 . Memory (MB): peak = 1325.684 ; gain = 0.000

Phase 3.3 Area Swap Optimization
Phase 3.3 Area Swap Optimization | Checksum: 14c159949

Time (s): cpu = 00:00:08 ; elapsed = 00:00:06 . Memory (MB): peak = 1325.684 ; gain = 0.000

Phase 3.4 Pipeline Register Optimization
Phase 3.4 Pipeline Register Optimization | Checksum: 1548eb174

Time (s): cpu = 00:00:08 ; elapsed = 00:00:06 . Memory (MB): peak = 1325.684 ; gain = 0.000

Phase 3.5 Fast Optimization
Phase 3.5 Fast Optimization | Checksum: 15f4d53c2

Time (s): cpu = 00:00:09 ; elapsed = 00:00:07 . Memory (MB): peak = 1325.684 ; gain = 0.000

Phase 3.6 Small Shape Detail Placement
Phase 3.6 Small Shape Detail Placement | Checksum: d25656a7

Time (s): cpu = 00:00:10 ; elapsed = 00:00:08 . Memory (MB): peak = 1325.684 ; gain = 0.000

Phase 3.7 Re-assign LUT pins
Phase 3.7 Re-assign LUT pins | Checksum: b4f706bf

Time (s): cpu = 00:00:10 ; elapsed = 00:00:08 . Memory (MB): peak = 1325.684 ; gain = 0.000

Phase 3.8 Pipeline Register Optimization
Phase 3.8 Pipeline Register Optimization | Checksum: 12b46c438

Time (s): cpu = 00:00:10 ; elapsed = 00:00:08 . Memory (MB): peak = 1325.684 ; gain = 0.000

Phase 3.9 Fast Optimization
Phase 3.9 Fast Optimization | Checksum: bc1b1e58

Time (s): cpu = 00:00:10 ; elapsed = 00:00:09 . Memory (MB): peak = 1325.684 ; gain = 0.000
Phase 3 Detail Placement | Checksum: bc1b1e58

Time (s): cpu = 00:00:10 ; elapsed = 00:00:09 . Memory (MB): peak = 1325.684 ; gain = 0.000

Phase 4 Post Placement Optimization and Clean-Up

Phase 4.1 Post Commit Optimization
INFO: [Timing 38-35] Done setting XDC timing constraints.

Phase 4.1.1 Post Placement Optimization
Post Placement Optimization Initialization | Checksum: 16fd87208

Phase 4.1.1.1 BUFG Insertion
INFO: [Place 46-46] BUFG insertion identified 0 candidate nets, 0 success, 0 bufg driver replicated, 0 skipped for placement/routing, 0 skipped for timing, 0 skipped for netlist change reason
Phase 4.1.1.1 BUFG Insertion | Checksum: 16fd87208

Time (s): cpu = 00:00:11 ; elapsed = 00:00:09 . Memory (MB): peak = 1325.684 ; gain = 0.000
INFO: [Place 30-746] Post Placement Timing Summary WNS=0.623. For the most accurate timing information please run report_timing.
Phase 4.1.1 Post Placement Optimization | Checksum: 176c361ed

Time (s): cpu = 00:00:12 ; elapsed = 00:00:10 . Memory (MB): peak = 1325.684 ; gain = 0.000
Phase 4.1 Post Commit Optimization | Checksum: 176c361ed

Time (s): cpu = 00:00:12 ; elapsed = 00:00:10 . Memory (MB): peak = 1325.684 ; gain = 0.000

Phase 4.2 Post Placement Cleanup
Phase 4.2 Post Placement Cleanup | Checksum: 176c361ed

Time (s): cpu = 00:00:12 ; elapsed = 00:00:10 . Memory (MB): peak = 1325.684 ; gain = 0.000

Phase 4.3 Placer Reporting
Phase 4.3 Placer Reporting | Checksum: 176c361ed

Time (s): cpu = 00:00:12 ; elapsed = 00:00:10 . Memory (MB): peak = 1325.684 ; gain = 0.000

Phase 4.4 Final Placement Cleanup
Netlist sorting complete. Time (s): cpu = 00:00:00 ; elapsed = 00:00:00.002 . Memory (MB): peak = 1325.684 ; gain = 0.000
Phase 4.4 Final Placement Cleanup | Checksum: 165e49fa8

Time (s): cpu = 00:00:12 ; elapsed = 00:00:10 . Memory (MB): peak = 1325.684 ; gain = 0.000
Phase 4 Post Placement Optimization and Clean-Up | Checksum: 165e49fa8

Time (s): cpu = 00:00:12 ; elapsed = 00:00:10 . Memory (MB): peak = 1325.684 ; gain = 0.000
Ending Placer Task | Checksum: 1461c220e

Time (s): cpu = 00:00:12 ; elapsed = 00:00:10 . Memory (MB): peak = 1325.684 ; gain = 0.000
INFO: [Common 17-83] Releasing license: Implementation
86 Infos, 2 Warnings, 0 Critical Warnings and 0 Errors encountered.
place_design completed successfully
place_design: Time (s): cpu = 00:00:15 ; elapsed = 00:00:11 . Memory (MB): peak = 1325.684 ; gain = 0.000
Netlist sorting complete. Time (s): cpu = 00:00:00 ; elapsed = 00:00:00.002 . Memory (MB): peak = 1325.684 ; gain = 0.000
INFO: [Timing 38-480] Writing timing data to binary archive.
Writing placer database...
Netlist sorting complete. Time (s): cpu = 00:00:00 ; elapsed = 00:00:00.002 . Memory (MB): peak = 1325.684 ; gain = 0.000
Writing XDEF routing.
Writing XDEF routing logical nets.
Writing XDEF routing special nets.
Write XDEF Complete: Time (s): cpu = 00:00:01 ; elapsed = 00:00:00.317 . Memory (MB): peak = 1325.684 ; gain = 0.000
INFO: [Common 17-1381] The checkpoint 'E:/VivadoProject/NEW_Camera_Demo/Camera_Demo/Camera_Demo.runs/impl_1/Camera_Demo_placed.dcp' has been generated.
INFO: [runtcl-4] Executing : report_io -file Camera_Demo_io_placed.rpt
report_io: Time (s): cpu = 00:00:00 ; elapsed = 00:00:00.072 . Memory (MB): peak = 1325.684 ; gain = 0.000
INFO: [runtcl-4] Executing : report_utilization -file Camera_Demo_utilization_placed.rpt -pb Camera_Demo_utilization_placed.pb
INFO: [runtcl-4] Executing : report_control_sets -verbose -file Camera_Demo_control_sets_placed.rpt
report_control_sets: Time (s): cpu = 00:00:00 ; elapsed = 00:00:00.024 . Memory (MB): peak = 1325.684 ; gain = 0.000
Command: route_design
Attempting to get a license for feature 'Implementation' and/or device 'xc7s15'
INFO: [Common 17-349] Got license for feature 'Implementation' and/or device 'xc7s15'
Running DRC as a precondition to command route_design
INFO: [DRC 23-27] Running DRC with 2 threads
INFO: [Vivado_Tcl 4-198] DRC finished with 0 Errors
INFO: [Vivado_Tcl 4-199] Please refer to the DRC report (report_drc) for more information.


Starting Routing Task
INFO: [Route 35-254] Multithreading enabled for route_design using a maximum of 2 CPUs
Checksum: PlaceDB: 80468516 ConstDB: 0 ShapeSum: c5d59cf8 RouteDB: 0

Phase 1 Build RT Design
Phase 1 Build RT Design | Checksum: e488418d

Time (s): cpu = 00:00:13 ; elapsed = 00:00:12 . Memory (MB): peak = 1325.684 ; gain = 0.000
Post Restoration Checksum: NetGraph: d24b7ce2 NumContArr: 123cc4ab Constraints: 0 Timing: 0

Phase 2 Router Initialization

Phase 2.1 Create Timer
Phase 2.1 Create Timer | Checksum: e488418d

Time (s): cpu = 00:00:13 ; elapsed = 00:00:12 . Memory (MB): peak = 1325.684 ; gain = 0.000

Phase 2.2 Fix Topology Constraints
Phase 2.2 Fix Topology Constraints | Checksum: e488418d

Time (s): cpu = 00:00:13 ; elapsed = 00:00:12 . Memory (MB): peak = 1325.684 ; gain = 0.000

Phase 2.3 Pre Route Cleanup
Phase 2.3 Pre Route Cleanup | Checksum: e488418d

Time (s): cpu = 00:00:13 ; elapsed = 00:00:12 . Memory (MB): peak = 1325.684 ; gain = 0.000
 Number of Nodes with overlaps = 0

Phase 2.4 Update Timing
Phase 2.4 Update Timing | Checksum: 977527d4

Time (s): cpu = 00:00:14 ; elapsed = 00:00:13 . Memory (MB): peak = 1325.684 ; gain = 0.000
INFO: [Route 35-416] Intermediate Timing Summary | WNS=0.618  | TNS=0.000  | WHS=-2.057 | THS=-106.725|

Phase 2 Router Initialization | Checksum: f4136eb1

Time (s): cpu = 00:00:15 ; elapsed = 00:00:14 . Memory (MB): peak = 1325.684 ; gain = 0.000

Phase 3 Initial Routing
Phase 3 Initial Routing | Checksum: 1e35c55dd

Time (s): cpu = 00:00:15 ; elapsed = 00:00:14 . Memory (MB): peak = 1325.684 ; gain = 0.000

Phase 4 Rip-up And Reroute

Phase 4.1 Global Iteration 0
 Number of Nodes with overlaps = 387
 Number of Nodes with overlaps = 143
 Number of Nodes with overlaps = 60
 Number of Nodes with overlaps = 25
 Number of Nodes with overlaps = 15
 Number of Nodes with overlaps = 5
 Number of Nodes with overlaps = 1
 Number of Nodes with overlaps = 2
 Number of Nodes with overlaps = 1
 Number of Nodes with overlaps = 0
INFO: [Route 35-416] Intermediate Timing Summary | WNS=0.521  | TNS=0.000  | WHS=N/A    | THS=N/A    |

Phase 4.1 Global Iteration 0 | Checksum: c46cc27b

Time (s): cpu = 00:00:19 ; elapsed = 00:00:17 . Memory (MB): peak = 1325.684 ; gain = 0.000
Phase 4 Rip-up And Reroute | Checksum: c46cc27b

Time (s): cpu = 00:00:19 ; elapsed = 00:00:17 . Memory (MB): peak = 1325.684 ; gain = 0.000

Phase 5 Delay and Skew Optimization

Phase 5.1 Delay CleanUp

Phase 5.1.1 Update Timing
Phase 5.1.1 Update Timing | Checksum: b9255929

Time (s): cpu = 00:00:19 ; elapsed = 00:00:17 . Memory (MB): peak = 1325.684 ; gain = 0.000
INFO: [Route 35-416] Intermediate Timing Summary | WNS=0.601  | TNS=0.000  | WHS=N/A    | THS=N/A    |

Phase 5.1 Delay CleanUp | Checksum: b9255929

Time (s): cpu = 00:00:19 ; elapsed = 00:00:17 . Memory (MB): peak = 1325.684 ; gain = 0.000

Phase 5.2 Clock Skew Optimization
Phase 5.2 Clock Skew Optimization | Checksum: b9255929

Time (s): cpu = 00:00:19 ; elapsed = 00:00:17 . Memory (MB): peak = 1325.684 ; gain = 0.000
Phase 5 Delay and Skew Optimization | Checksum: b9255929

Time (s): cpu = 00:00:19 ; elapsed = 00:00:17 . Memory (MB): peak = 1325.684 ; gain = 0.000

Phase 6 Post Hold Fix

Phase 6.1 Hold Fix Iter

Phase 6.1.1 Update Timing
Phase 6.1.1 Update Timing | Checksum: 104832cfd

Time (s): cpu = 00:00:19 ; elapsed = 00:00:17 . Memory (MB): peak = 1325.684 ; gain = 0.000
INFO: [Route 35-416] Intermediate Timing Summary | WNS=0.601  | TNS=0.000  | WHS=0.048  | THS=0.000  |

Phase 6.1 Hold Fix Iter | Checksum: 9046535d

Time (s): cpu = 00:00:19 ; elapsed = 00:00:17 . Memory (MB): peak = 1325.684 ; gain = 0.000
Phase 6 Post Hold Fix | Checksum: 9046535d

Time (s): cpu = 00:00:19 ; elapsed = 00:00:17 . Memory (MB): peak = 1325.684 ; gain = 0.000

Phase 7 Route finalize

Router Utilization Summary
  Global Vertical Routing Utilization    = 1.93629 %
  Global Horizontal Routing Utilization  = 2.48267 %
  Routable Net Status*
  *Does not include unroutable nets such as driverless and loadless.
  Run report_route_status for detailed report.
  Number of Failed Nets               = 0
  Number of Unrouted Nets             = 0
  Number of Partially Routed Nets     = 0
  Number of Node Overlaps             = 0

Phase 7 Route finalize | Checksum: 10c22b302

Time (s): cpu = 00:00:19 ; elapsed = 00:00:17 . Memory (MB): peak = 1325.684 ; gain = 0.000

Phase 8 Verifying routed nets

 Verification completed successfully
Phase 8 Verifying routed nets | Checksum: 10c22b302

Time (s): cpu = 00:00:19 ; elapsed = 00:00:17 . Memory (MB): peak = 1325.684 ; gain = 0.000

Phase 9 Depositing Routes
Phase 9 Depositing Routes | Checksum: 1269579c1

Time (s): cpu = 00:00:20 ; elapsed = 00:00:17 . Memory (MB): peak = 1325.684 ; gain = 0.000

Phase 10 Post Router Timing
INFO: [Route 35-57] Estimated Timing Summary | WNS=0.601  | TNS=0.000  | WHS=0.048  | THS=0.000  |

INFO: [Route 35-327] The final timing numbers are based on the router estimated timing analysis. For a complete and accurate timing signoff, please run report_timing_summary.
Phase 10 Post Router Timing | Checksum: 1269579c1

Time (s): cpu = 00:00:20 ; elapsed = 00:00:17 . Memory (MB): peak = 1325.684 ; gain = 0.000
INFO: [Route 35-16] Router Completed Successfully

Time (s): cpu = 00:00:20 ; elapsed = 00:00:17 . Memory (MB): peak = 1325.684 ; gain = 0.000

Routing Is Done.
INFO: [Common 17-83] Releasing license: Implementation
104 Infos, 2 Warnings, 0 Critical Warnings and 0 Errors encountered.
route_design completed successfully
route_design: Time (s): cpu = 00:00:24 ; elapsed = 00:00:19 . Memory (MB): peak = 1325.684 ; gain = 0.000
Netlist sorting complete. Time (s): cpu = 00:00:00 ; elapsed = 00:00:00.002 . Memory (MB): peak = 1325.684 ; gain = 0.000
INFO: [Timing 38-480] Writing timing data to binary archive.
Writing placer database...
Netlist sorting complete. Time (s): cpu = 00:00:00 ; elapsed = 00:00:00.003 . Memory (MB): peak = 1325.684 ; gain = 0.000
Writing XDEF routing.
Writing XDEF routing logical nets.
Writing XDEF routing special nets.
Write XDEF Complete: Time (s): cpu = 00:00:01 ; elapsed = 00:00:00.388 . Memory (MB): peak = 1325.684 ; gain = 0.000
INFO: [Common 17-1381] The checkpoint 'E:/VivadoProject/NEW_Camera_Demo/Camera_Demo/Camera_Demo.runs/impl_1/Camera_Demo_routed.dcp' has been generated.
INFO: [runtcl-4] Executing : report_drc -file Camera_Demo_drc_routed.rpt -pb Camera_Demo_drc_routed.pb -rpx Camera_Demo_drc_routed.rpx
Command: report_drc -file Camera_Demo_drc_routed.rpt -pb Camera_Demo_drc_routed.pb -rpx Camera_Demo_drc_routed.rpx
INFO: [IP_Flow 19-1839] IP Catalog is up to date.
INFO: [DRC 23-27] Running DRC with 2 threads
INFO: [Coretcl 2-168] The results of DRC are in file E:/VivadoProject/NEW_Camera_Demo/Camera_Demo/Camera_Demo.runs/impl_1/Camera_Demo_drc_routed.rpt.
report_drc completed successfully
INFO: [runtcl-4] Executing : report_methodology -file Camera_Demo_methodology_drc_routed.rpt -pb Camera_Demo_methodology_drc_routed.pb -rpx Camera_Demo_methodology_drc_routed.rpx
Command: report_methodology -file Camera_Demo_methodology_drc_routed.rpt -pb Camera_Demo_methodology_drc_routed.pb -rpx Camera_Demo_methodology_drc_routed.rpx
INFO: [Timing 38-35] Done setting XDC timing constraints.
INFO: [DRC 23-133] Running Methodology with 2 threads
INFO: [Coretcl 2-1520] The results of Report Methodology are in file E:/VivadoProject/NEW_Camera_Demo/Camera_Demo/Camera_Demo.runs/impl_1/Camera_Demo_methodology_drc_routed.rpt.
report_methodology completed successfully
INFO: [runtcl-4] Executing : report_power -file Camera_Demo_power_routed.rpt -pb Camera_Demo_power_summary_routed.pb -rpx Camera_Demo_power_routed.rpx
Command: report_power -file Camera_Demo_power_routed.rpt -pb Camera_Demo_power_summary_routed.pb -rpx Camera_Demo_power_routed.rpx
INFO: [Timing 38-35] Done setting XDC timing constraints.
Running Vector-less Activity Propagation...

Finished Running Vector-less Activity Propagation
116 Infos, 2 Warnings, 0 Critical Warnings and 0 Errors encountered.
report_power completed successfully
INFO: [runtcl-4] Executing : report_route_status -file Camera_Demo_route_status.rpt -pb Camera_Demo_route_status.pb
INFO: [runtcl-4] Executing : report_timing_summary -max_paths 10 -file Camera_Demo_timing_summary_routed.rpt -pb Camera_Demo_timing_summary_routed.pb -rpx Camera_Demo_timing_summary_routed.rpx -warn_on_violation 
INFO: [Timing 38-91] UpdateTimingParams: Speed grade: -1, Delay Type: min_max.
INFO: [Timing 38-191] Multithreading enabled for timing update using a maximum of 2 CPUs
CRITICAL WARNING: [Timing 38-282] The design failed to meet the timing requirements. Please see the timing summary report for details on the timing violations.
INFO: [runtcl-4] Executing : report_incremental_reuse -file Camera_Demo_incremental_reuse_routed.rpt
INFO: [Vivado_Tcl 4-1062] Incremental flow is disabled. No incremental reuse Info to report.
INFO: [runtcl-4] Executing : report_clock_utilization -file Camera_Demo_clock_utilization_routed.rpt
INFO: [runtcl-4] Executing : report_bus_skew -warn_on_violation -file Camera_Demo_bus_skew_routed.rpt -pb Camera_Demo_bus_skew_routed.pb -rpx Camera_Demo_bus_skew_routed.rpx
INFO: [Timing 38-91] UpdateTimingParams: Speed grade: -1, Delay Type: min_max.
INFO: [Timing 38-191] Multithreading enabled for timing update using a maximum of 2 CPUs
Command: write_bitstream -force Camera_Demo.bit
Attempting to get a license for feature 'Implementation' and/or device 'xc7s15'
INFO: [Common 17-349] Got license for feature 'Implementation' and/or device 'xc7s15'
Running DRC as a precondition to command write_bitstream
INFO: [IP_Flow 19-1839] IP Catalog is up to date.
INFO: [DRC 23-27] Running DRC with 2 threads
WARNING: [DRC BUFC-1] Input Buffer Connections: Input buffer Camera_IIC_SDA_IOBUF/IBUF has no loads. It is recommended to have an input buffer drive an internal load.
INFO: [Vivado 12-3199] DRC finished with 0 Errors, 1 Warnings
INFO: [Vivado 12-3200] Please refer to the DRC report (report_drc) for more information.
INFO: [Designutils 20-2272] Running write_bitstream with 2 threads.
Loading data files...
Loading site data...
Loading route data...
Processing options...
Creating bitmap...
Creating bitstream...
Writing bitstream ./Camera_Demo.bit...
INFO: [Vivado 12-1842] Bitgen Completed Successfully.
INFO: [Project 1-120] WebTalk data collection is mandatory when using a WebPACK part without a full Vivado license. To see the specific WebTalk data collected for your design, open the usage_statistics_webtalk.html or usage_statistics_webtalk.xml file in the implementation directory.
INFO: [Common 17-83] Releasing license: Implementation
135 Infos, 3 Warnings, 1 Critical Warnings and 0 Errors encountered.
write_bitstream completed successfully
write_bitstream: Time (s): cpu = 00:00:21 ; elapsed = 00:00:21 . Memory (MB): peak = 1691.754 ; gain = 366.070
INFO: [Common 17-206] Exiting Vivado at Sun Aug  2 19:50:24 2020...
