#-----------------------------------------------------------
# Vivado v2018.3 (64-bit)
# SW Build 2405991 on Thu Dec  6 23:38:27 MST 2018
# IP Build 2404404 on Fri Dec  7 01:43:56 MST 2018
# Start of session at: Sun Aug  2 03:07:02 2020
# Process ID: 21256
# Current directory: E:/VivadoProject/NEW_Camera_Demo/Camera_Demo
# Command line: vivado.exe -gui_launcher_event rodinguilauncherevent25304 E:\VivadoProject\NEW_Camera_Demo\Camera_Demo\Camera_Demo.xpr
# Log file: E:/VivadoProject/NEW_Camera_Demo/Camera_Demo/vivado.log
# Journal file: E:/VivadoProject/NEW_Camera_Demo/Camera_Demo\vivado.jou
#-----------------------------------------------------------
start_gui
open_project E:/VivadoProject/NEW_Camera_Demo/Camera_Demo/Camera_Demo.xpr
INFO: [Project 1-313] Project file moved from 'E:/code/Camera_Demo' since last save.
CRITICAL WARNING: [Project 1-19] Could not find the file 'c:/Users/dell/Desktop/NumNEW/N0.coe'.
CRITICAL WARNING: [Project 1-19] Could not find the file 'c:/Users/dell/Desktop/N0.coe'.
CRITICAL WARNING: [Project 1-311] Could not find the file 'E:/VivadoProject/FPGA-Demo-Project/Camera_Demo/tcl/Elimate_Constraints_Error.tcl', nor could it be found using path 'E:/FPGA-Demo-Project/Camera_Demo/tcl/Elimate_Constraints_Error.tcl'.
Scanning sources...
Finished scanning sources
INFO: [IP_Flow 19-234] Refreshing IP repositories
INFO: [IP_Flow 19-1700] Loaded user IP repository 'e:/VivadoProject/NEW_Camera_Demo/Camera_Demo/IP_Core'.
INFO: [IP_Flow 19-2313] Loaded Vivado IP repository 'D:/Vivado/xilinx/Vivado/2018.3/data/ip'.
open_project: Time (s): cpu = 00:00:29 ; elapsed = 00:00:20 . Memory (MB): peak = 713.375 ; gain = 137.254
update_compile_order -fileset sources_1
reset_run mem_0_synth_1
reset_run synth_1
launch_runs impl_1 -jobs 4
INFO: [IP_Flow 19-1686] Generating 'Synthesis' target for IP 'mem_0'...
ERROR: [Ipptcl 7-519] NULL COE Data pointer: Unable to open the file 
ERROR: [Common 17-39] 'ipgui::get_coe_val' failed due to earlier errors.
CRITICAL WARNING: [IP_Flow 19-1747] Failed to deliver file 'd:/Vivado/xilinx/Vivado/2018.3/data/ip/xilinx/blk_mem_gen_v8_4/hdl/mem_init_file.xit': ERROR: [Common 17-39] 'ipgui::get_coe_val' failed due to earlier errors.

ERROR: [IP_Flow 19-167] Failed to deliver one or more file(s).
ERROR: [IP_Flow 19-3505] IP Generation error: Failed to generate IP 'mem_0'. Failed to generate 'Vivado VHDL Synthesis' outputs: 
ERROR: [IP_Flow 19-98] Generation of the IP CORE failed.
Failed to generate IP 'mem_0'. Failed to generate 'Vivado VHDL Synthesis' outputs: 
launch_runs impl_1 -jobs 4
INFO: [IP_Flow 19-1686] Generating 'Synthesis' target for IP 'mem_0'...
ERROR: [Ipptcl 7-519] NULL COE Data pointer: Unable to open the file 
ERROR: [Common 17-39] 'ipgui::get_coe_val' failed due to earlier errors.
CRITICAL WARNING: [IP_Flow 19-1747] Failed to deliver file 'd:/Vivado/xilinx/Vivado/2018.3/data/ip/xilinx/blk_mem_gen_v8_4/hdl/mem_init_file.xit': ERROR: [Common 17-39] 'ipgui::get_coe_val' failed due to earlier errors.

ERROR: [IP_Flow 19-167] Failed to deliver one or more file(s).
ERROR: [IP_Flow 19-3505] IP Generation error: Failed to generate IP 'mem_0'. Failed to generate 'Vivado VHDL Synthesis' outputs: 
ERROR: [IP_Flow 19-98] Generation of the IP CORE failed.
Failed to generate IP 'mem_0'. Failed to generate 'Vivado VHDL Synthesis' outputs: 
launch_runs synth_1 -jobs 4
INFO: [IP_Flow 19-1686] Generating 'Synthesis' target for IP 'mem_0'...
ERROR: [Ipptcl 7-519] NULL COE Data pointer: Unable to open the file 
ERROR: [Common 17-39] 'ipgui::get_coe_val' failed due to earlier errors.
CRITICAL WARNING: [IP_Flow 19-1747] Failed to deliver file 'd:/Vivado/xilinx/Vivado/2018.3/data/ip/xilinx/blk_mem_gen_v8_4/hdl/mem_init_file.xit': ERROR: [Common 17-39] 'ipgui::get_coe_val' failed due to earlier errors.

ERROR: [IP_Flow 19-167] Failed to deliver one or more file(s).
ERROR: [IP_Flow 19-3505] IP Generation error: Failed to generate IP 'mem_0'. Failed to generate 'Vivado VHDL Synthesis' outputs: 
ERROR: [IP_Flow 19-98] Generation of the IP CORE failed.
Failed to generate IP 'mem_0'. Failed to generate 'Vivado VHDL Synthesis' outputs: 
launch_runs synth_1 -jobs 4
INFO: [IP_Flow 19-1686] Generating 'Synthesis' target for IP 'mem_0'...
ERROR: [Ipptcl 7-519] NULL COE Data pointer: Unable to open the file 
ERROR: [Common 17-39] 'ipgui::get_coe_val' failed due to earlier errors.
CRITICAL WARNING: [IP_Flow 19-1747] Failed to deliver file 'd:/Vivado/xilinx/Vivado/2018.3/data/ip/xilinx/blk_mem_gen_v8_4/hdl/mem_init_file.xit': ERROR: [Common 17-39] 'ipgui::get_coe_val' failed due to earlier errors.

ERROR: [IP_Flow 19-167] Failed to deliver one or more file(s).
ERROR: [IP_Flow 19-3505] IP Generation error: Failed to generate IP 'mem_0'. Failed to generate 'Vivado VHDL Synthesis' outputs: 
ERROR: [IP_Flow 19-98] Generation of the IP CORE failed.
Failed to generate IP 'mem_0'. Failed to generate 'Vivado VHDL Synthesis' outputs: 
launch_runs synth_1 -jobs 4
INFO: [IP_Flow 19-1686] Generating 'Synthesis' target for IP 'mem_0'...
ERROR: [Ipptcl 7-519] NULL COE Data pointer: Unable to open the file 
ERROR: [Common 17-39] 'ipgui::get_coe_val' failed due to earlier errors.
CRITICAL WARNING: [IP_Flow 19-1747] Failed to deliver file 'd:/Vivado/xilinx/Vivado/2018.3/data/ip/xilinx/blk_mem_gen_v8_4/hdl/mem_init_file.xit': ERROR: [Common 17-39] 'ipgui::get_coe_val' failed due to earlier errors.

ERROR: [IP_Flow 19-167] Failed to deliver one or more file(s).
ERROR: [IP_Flow 19-3505] IP Generation error: Failed to generate IP 'mem_0'. Failed to generate 'Vivado VHDL Synthesis' outputs: 
ERROR: [IP_Flow 19-98] Generation of the IP CORE failed.
Failed to generate IP 'mem_0'. Failed to generate 'Vivado VHDL Synthesis' outputs: 
INFO: [Device 21-403] Loading part xc7s15ftgb196-1
WARNING: [IP_Flow 19-4067] Ignoring invalid widget type specified checkbox.Providing a default widget
WARNING: [IP_Flow 19-4067] Ignoring invalid widget type specified checkbox.Providing a default widget
INFO: [IP_Flow 19-3484] Absolute path of file 'e:/MatlabProject/Num0/N0.coe' provided. It will be converted relative to IP Instance files '../../../../../../../MatlabProject/Num0/N0.coe'
set_property -dict [list CONFIG.Coe_File {E:/MatlabProject/Num0/N0.coe}] [get_ips mem_0]
INFO: [IP_Flow 19-3484] Absolute path of file 'e:/MatlabProject/Num0/N0.coe' provided. It will be converted relative to IP Instance files '../../../../../../../MatlabProject/Num0/N0.coe'
generate_target all [get_files  E:/VivadoProject/NEW_Camera_Demo/Camera_Demo/Camera_Demo.srcs/sources_1/ip/mem_0/mem_0.xci]
INFO: [IP_Flow 19-1686] Generating 'Instantiation Template' target for IP 'mem_0'...
INFO: [IP_Flow 19-1686] Generating 'Synthesis' target for IP 'mem_0'...
INFO: [IP_Flow 19-1686] Generating 'Simulation' target for IP 'mem_0'...
INFO: [IP_Flow 19-1686] Generating 'Miscellaneous' target for IP 'mem_0'...
INFO: [IP_Flow 19-1686] Generating 'Change Log' target for IP 'mem_0'...
catch { config_ip_cache -export [get_ips -all mem_0] }
export_ip_user_files -of_objects [get_files E:/VivadoProject/NEW_Camera_Demo/Camera_Demo/Camera_Demo.srcs/sources_1/ip/mem_0/mem_0.xci] -no_script -sync -force -quiet
launch_runs -jobs 4 mem_0_synth_1
[Sun Aug  2 03:21:57 2020] Launched mem_0_synth_1...
Run output will be captured here: E:/VivadoProject/NEW_Camera_Demo/Camera_Demo/Camera_Demo.runs/mem_0_synth_1/runme.log
export_simulation -of_objects [get_files E:/VivadoProject/NEW_Camera_Demo/Camera_Demo/Camera_Demo.srcs/sources_1/ip/mem_0/mem_0.xci] -directory E:/VivadoProject/NEW_Camera_Demo/Camera_Demo/Camera_Demo.ip_user_files/sim_scripts -ip_user_files_dir E:/VivadoProject/NEW_Camera_Demo/Camera_Demo/Camera_Demo.ip_user_files -ipstatic_source_dir E:/VivadoProject/NEW_Camera_Demo/Camera_Demo/Camera_Demo.ip_user_files/ipstatic -lib_map_path [list {modelsim=E:/VivadoProject/NEW_Camera_Demo/Camera_Demo/Camera_Demo.cache/compile_simlib/modelsim} {questa=E:/VivadoProject/NEW_Camera_Demo/Camera_Demo/Camera_Demo.cache/compile_simlib/questa} {riviera=E:/VivadoProject/NEW_Camera_Demo/Camera_Demo/Camera_Demo.cache/compile_simlib/riviera} {activehdl=E:/VivadoProject/NEW_Camera_Demo/Camera_Demo/Camera_Demo.cache/compile_simlib/activehdl}] -use_ip_compiled_libs -force -quiet
launch_runs impl_1 -jobs 4
[Sun Aug  2 03:25:04 2020] Launched synth_1...
Run output will be captured here: E:/VivadoProject/NEW_Camera_Demo/Camera_Demo/Camera_Demo.runs/synth_1/runme.log
[Sun Aug  2 03:25:04 2020] Launched impl_1...
Run output will be captured here: E:/VivadoProject/NEW_Camera_Demo/Camera_Demo/Camera_Demo.runs/impl_1/runme.log
export_ip_user_files -of_objects  [get_files c:/Users/dell/Desktop/N0.coe] -no_script -reset -force -quiet
remove_files  c:/Users/dell/Desktop/N0.coe
remove_files  c:/Users/dell/Desktop/N0.coe
WARNING: [Vivado 12-818] No files matched 'c:/Users/dell/Desktop/N0.coe'
export_ip_user_files -of_objects  [get_files c:/Users/dell/Desktop/NumNEW/N0.coe] -no_script -reset -force -quiet
remove_files  c:/Users/dell/Desktop/NumNEW/N0.coe
WARNING: [IP_Flow 19-4067] Ignoring invalid widget type specified checkbox.Providing a default widget
WARNING: [IP_Flow 19-4067] Ignoring invalid widget type specified checkbox.Providing a default widget
INFO: [IP_Flow 19-3484] Absolute path of file 'e:/MatlabProject/Num0/N0.coe' provided. It will be converted relative to IP Instance files '../../../../../../../MatlabProject/Num0/N0.coe'
set_property -dict [list CONFIG.Coe_File {E:/MatlabProject/Num0/N0.coe}] [get_ips mem_0]
INFO: [IP_Flow 19-3484] Absolute path of file 'e:/MatlabProject/Num0/N0.coe' provided. It will be converted relative to IP Instance files '../../../../../../../MatlabProject/Num0/N0.coe'
reset_run synth_1
launch_runs synth_1 -jobs 4
[Sun Aug  2 03:28:00 2020] Launched synth_1...
Run output will be captured here: E:/VivadoProject/NEW_Camera_Demo/Camera_Demo/Camera_Demo.runs/synth_1/runme.log
launch_runs impl_1 -jobs 4
[Sun Aug  2 03:29:18 2020] Launched impl_1...
Run output will be captured here: E:/VivadoProject/NEW_Camera_Demo/Camera_Demo/Camera_Demo.runs/impl_1/runme.log
launch_runs impl_1 -to_step write_bitstream -jobs 4
[Sun Aug  2 03:33:49 2020] Launched impl_1...
Run output will be captured here: E:/VivadoProject/NEW_Camera_Demo/Camera_Demo/Camera_Demo.runs/impl_1/runme.log
open_run impl_1
INFO: [Netlist 29-17] Analyzing 94 Unisim elements for replacement
INFO: [Netlist 29-28] Unisim Transformation completed in 0 CPU seconds
INFO: [Project 1-479] Netlist was created with Vivado 2018.3
INFO: [Project 1-570] Preparing netlist for logic optimization
WARNING: [Constraints 18-550] Could not create 'IBUF_LOW_PWR' constraint because net 'MIPI_Trans_Driver/camera_clock/clk_in1' is not directly connected to top level port. Synthesis is ignored for IBUF_LOW_PWR but preserved for implementation.
INFO: [Constraints 18-4398] Generator version for shapeDB does not match. shapeDB will be regenerated.
INFO: [Timing 38-478] Restoring timing data from binary archive.
INFO: [Timing 38-479] Binary timing data restore complete.
INFO: [Project 1-856] Restoring constraints from binary archive.
INFO: [Project 1-853] Binary constraint restore complete.
Reading XDEF placement.
Reading placer database...
Reading XDEF routing.
Read XDEF File: Time (s): cpu = 00:00:01 ; elapsed = 00:00:00.336 . Memory (MB): peak = 1743.727 ; gain = 0.000
Restored from archive | CPU: 1.000000 secs | Memory: 0.000000 MB |
Finished XDEF File Restore: Time (s): cpu = 00:00:01 ; elapsed = 00:00:00.336 . Memory (MB): peak = 1743.727 ; gain = 0.000
Netlist sorting complete. Time (s): cpu = 00:00:00 ; elapsed = 00:00:00.002 . Memory (MB): peak = 1743.727 ; gain = 0.000
INFO: [Project 1-111] Unisim Transformation Summary:
  A total of 1 instances were transformed.
  IOBUF => IOBUF (IBUF, OBUFT): 1 instances

open_run: Time (s): cpu = 00:00:35 ; elapsed = 00:00:28 . Memory (MB): peak = 1843.391 ; gain = 437.531
CRITICAL WARNING: [Timing 38-282] The design failed to meet the timing requirements. Please see the timing summary report for details on the timing violations.
reset_run synth_1
launch_runs synth_1 -jobs 4
CRITICAL WARNING: [HDL 9-806] Syntax error near "count_y1left". [E:/VivadoProject/NEW_Camera_Demo/Camera_Demo/Camera_Demo.srcs/sources_1/new/process.v:96]
CRITICAL WARNING: [HDL 9-806] Syntax error near "begin". [E:/VivadoProject/NEW_Camera_Demo/Camera_Demo/Camera_Demo.srcs/sources_1/new/process.v:100]
CRITICAL WARNING: [HDL 9-806] Syntax error near "begin". [E:/VivadoProject/NEW_Camera_Demo/Camera_Demo/Camera_Demo.srcs/sources_1/new/process.v:106]
CRITICAL WARNING: [HDL 9-806] Syntax error near "begin". [E:/VivadoProject/NEW_Camera_Demo/Camera_Demo/Camera_Demo.srcs/sources_1/new/process.v:111]
CRITICAL WARNING: [HDL 9-806] Syntax error near "endmodule". [E:/VivadoProject/NEW_Camera_Demo/Camera_Demo/Camera_Demo.srcs/sources_1/new/process.v:134]
[Sun Aug  2 06:26:04 2020] Launched synth_1...
Run output will be captured here: E:/VivadoProject/NEW_Camera_Demo/Camera_Demo/Camera_Demo.runs/synth_1/runme.log
reset_run synth_1
launch_runs synth_1 -jobs 4
[Sun Aug  2 06:28:18 2020] Launched synth_1...
Run output will be captured here: E:/VivadoProject/NEW_Camera_Demo/Camera_Demo/Camera_Demo.runs/synth_1/runme.log
launch_runs impl_1 -jobs 4
[Sun Aug  2 06:29:59 2020] Launched impl_1...
Run output will be captured here: E:/VivadoProject/NEW_Camera_Demo/Camera_Demo/Camera_Demo.runs/impl_1/runme.log
launch_runs impl_1 -to_step write_bitstream -jobs 4
[Sun Aug  2 06:32:18 2020] Launched impl_1...
Run output will be captured here: E:/VivadoProject/NEW_Camera_Demo/Camera_Demo/Camera_Demo.runs/impl_1/runme.log
reset_run impl_1
launch_runs impl_1 -jobs 4
[Sun Aug  2 06:46:01 2020] Launched impl_1...
Run output will be captured here: E:/VivadoProject/NEW_Camera_Demo/Camera_Demo/Camera_Demo.runs/impl_1/runme.log
reset_run synth_1
launch_runs impl_1 -to_step write_bitstream -jobs 4
[Sun Aug  2 06:48:55 2020] Launched synth_1...
Run output will be captured here: E:/VivadoProject/NEW_Camera_Demo/Camera_Demo/Camera_Demo.runs/synth_1/runme.log
[Sun Aug  2 06:48:55 2020] Launched impl_1...
Run output will be captured here: E:/VivadoProject/NEW_Camera_Demo/Camera_Demo/Camera_Demo.runs/impl_1/runme.log
reset_run synth_1
launch_runs impl_1 -to_step write_bitstream -jobs 4
[Sun Aug  2 07:07:02 2020] Launched synth_1...
Run output will be captured here: E:/VivadoProject/NEW_Camera_Demo/Camera_Demo/Camera_Demo.runs/synth_1/runme.log
[Sun Aug  2 07:07:02 2020] Launched impl_1...
Run output will be captured here: E:/VivadoProject/NEW_Camera_Demo/Camera_Demo/Camera_Demo.runs/impl_1/runme.log
reset_run synth_1
launch_runs impl_1 -to_step write_bitstream -jobs 4
[Sun Aug  2 07:18:56 2020] Launched synth_1...
Run output will be captured here: E:/VivadoProject/NEW_Camera_Demo/Camera_Demo/Camera_Demo.runs/synth_1/runme.log
[Sun Aug  2 07:18:56 2020] Launched impl_1...
Run output will be captured here: E:/VivadoProject/NEW_Camera_Demo/Camera_Demo/Camera_Demo.runs/impl_1/runme.log
WARNING: [IP_Flow 19-4067] Ignoring invalid widget type specified checkbox.Providing a default widget
WARNING: [IP_Flow 19-4067] Ignoring invalid widget type specified checkbox.Providing a default widget
WARNING: [IP_Flow 19-4067] Ignoring invalid widget type specified checkbox.Providing a default widget
WARNING: [IP_Flow 19-4067] Ignoring invalid widget type specified checkbox.Providing a default widget
WARNING: [IP_Flow 19-4067] Ignoring invalid widget type specified checkbox.Providing a default widget
WARNING: [IP_Flow 19-4067] Ignoring invalid widget type specified checkbox.Providing a default widget
reset_run synth_1
launch_runs synth_1 -jobs 4
[Sun Aug  2 16:46:00 2020] Launched synth_1...
Run output will be captured here: E:/VivadoProject/NEW_Camera_Demo/Camera_Demo/Camera_Demo.runs/synth_1/runme.log
launch_runs impl_1 -to_step write_bitstream -jobs 4
[Sun Aug  2 16:48:01 2020] Launched impl_1...
Run output will be captured here: E:/VivadoProject/NEW_Camera_Demo/Camera_Demo/Camera_Demo.runs/impl_1/runme.log
reset_run synth_1
launch_runs impl_1 -jobs 4
[Sun Aug  2 17:15:04 2020] Launched synth_1...
Run output will be captured here: E:/VivadoProject/NEW_Camera_Demo/Camera_Demo/Camera_Demo.runs/synth_1/runme.log
[Sun Aug  2 17:15:04 2020] Launched impl_1...
Run output will be captured here: E:/VivadoProject/NEW_Camera_Demo/Camera_Demo/Camera_Demo.runs/impl_1/runme.log
reset_run synth_1
launch_runs synth_1 -jobs 4
[Sun Aug  2 17:41:41 2020] Launched synth_1...
Run output will be captured here: E:/VivadoProject/NEW_Camera_Demo/Camera_Demo/Camera_Demo.runs/synth_1/runme.log
launch_runs impl_1 -to_step write_bitstream -jobs 4
[Sun Aug  2 17:46:16 2020] Launched impl_1...
Run output will be captured here: E:/VivadoProject/NEW_Camera_Demo/Camera_Demo/Camera_Demo.runs/impl_1/runme.log
reset_run synth_1
launch_runs synth_1 -jobs 4
CRITICAL WARNING: [HDL 9-806] Syntax error near "endmodule". [E:/VivadoProject/NEW_Camera_Demo/Camera_Demo/Camera_Demo.srcs/sources_1/new/process.v:79]
[Sun Aug  2 19:23:05 2020] Launched synth_1...
Run output will be captured here: E:/VivadoProject/NEW_Camera_Demo/Camera_Demo/Camera_Demo.runs/synth_1/runme.log
reset_run synth_1
WARNING: [Vivado 12-1017] Problems encountered:
1. PID not specified

launch_runs synth_1 -jobs 4
[Sun Aug  2 19:23:28 2020] Launched synth_1...
Run output will be captured here: E:/VivadoProject/NEW_Camera_Demo/Camera_Demo/Camera_Demo.runs/synth_1/runme.log
launch_runs impl_1 -to_step write_bitstream -jobs 4
[Sun Aug  2 19:29:36 2020] Launched impl_1...
Run output will be captured here: E:/VivadoProject/NEW_Camera_Demo/Camera_Demo/Camera_Demo.runs/impl_1/runme.log
reset_run synth_1
launch_runs impl_1 -to_step write_bitstream -jobs 4
[Sun Aug  2 19:47:19 2020] Launched synth_1...
Run output will be captured here: E:/VivadoProject/NEW_Camera_Demo/Camera_Demo/Camera_Demo.runs/synth_1/runme.log
[Sun Aug  2 19:47:19 2020] Launched impl_1...
Run output will be captured here: E:/VivadoProject/NEW_Camera_Demo/Camera_Demo/Camera_Demo.runs/impl_1/runme.log
