#-----------------------------------------------------------
# Vivado v2018.3 (64-bit)
# SW Build 2405991 on Thu Dec  6 23:38:27 MST 2018
# IP Build 2404404 on Fri Dec  7 01:43:56 MST 2018
# Start of session at: Sat Aug  1 16:28:54 2020
# Process ID: 864
# Current directory: E:/qq文件/Camera_Demo - 副本
# Command line: vivado.exe -gui_launcher_event rodinguilauncherevent7176 E:\qq文件\Camera_Demo - 副本\Camera_Demo.xpr
# Log file: E:/qq文件/Camera_Demo - 副本/vivado.log
# Journal file: E:/qq文件/Camera_Demo - 副本\vivado.jou
#-----------------------------------------------------------
start_gui
open_project {E:/qq文件/Camera_Demo - 副本/Camera_Demo.xpr}
INFO: [Project 1-313] Project file moved from 'D:/camra/Camera_Demo' since last save.
CRITICAL WARNING: [Project 1-19] Could not find the file 'E:/FPGA-Demo-Project/Camera_Demo/tcl/Elimate_Constraints_Error.tcl'.
Scanning sources...
Finished scanning sources
INFO: [IP_Flow 19-234] Refreshing IP repositories
INFO: [IP_Flow 19-1700] Loaded user IP repository 'e:/qq文件/Camera_Demo - 副本/IP_Core'.
INFO: [IP_Flow 19-2313] Loaded Vivado IP repository 'D:/xilinx/Vivado/2018.3/data/ip'.
open_project: Time (s): cpu = 00:00:30 ; elapsed = 00:00:17 . Memory (MB): peak = 820.543 ; gain = 215.598
update_compile_order -fileset sources_1
reset_run synth_1
launch_runs synth_1 -jobs 4
[Sat Aug  1 16:29:53 2020] Launched synth_1...
Run output will be captured here: E:/qq文件/Camera_Demo - 副本/Camera_Demo.runs/synth_1/runme.log
exit
INFO: [Common 17-206] Exiting Vivado at Sat Aug  1 16:32:04 2020...
